mode: set
github.com/undersleep7x/cryo-project/internal/prices/api_calls.go:13.116,25.2 8 0
github.com/undersleep7x/cryo-project/internal/prices/handler.go:15.70,17.2 1 1
github.com/undersleep7x/cryo-project/internal/prices/handler.go:21.53,27.19 3 1
github.com/undersleep7x/cryo-project/internal/prices/handler.go:27.19,30.3 2 1
github.com/undersleep7x/cryo-project/internal/prices/handler.go:31.2,31.20 1 1
github.com/undersleep7x/cryo-project/internal/prices/handler.go:31.20,34.3 2 1
github.com/undersleep7x/cryo-project/internal/prices/handler.go:36.2,38.16 3 1
github.com/undersleep7x/cryo-project/internal/prices/handler.go:38.16,42.3 3 1
github.com/undersleep7x/cryo-project/internal/prices/handler.go:44.2,44.48 1 1
github.com/undersleep7x/cryo-project/internal/prices/service.go:23.94,25.2 1 1
github.com/undersleep7x/cryo-project/internal/prices/service.go:27.124,36.39 5 1
github.com/undersleep7x/cryo-project/internal/prices/service.go:36.39,40.17 3 1
github.com/undersleep7x/cryo-project/internal/prices/service.go:40.17,43.18 3 1
github.com/undersleep7x/cryo-project/internal/prices/service.go:43.18,45.5 1 0
github.com/undersleep7x/cryo-project/internal/prices/service.go:45.10,48.5 2 1
github.com/undersleep7x/cryo-project/internal/prices/service.go:49.9,49.41 1 1
github.com/undersleep7x/cryo-project/internal/prices/service.go:49.41,52.4 2 1
github.com/undersleep7x/cryo-project/internal/prices/service.go:52.9,55.4 2 1
github.com/undersleep7x/cryo-project/internal/prices/service.go:58.2,58.29 1 1
github.com/undersleep7x/cryo-project/internal/prices/service.go:58.29,62.17 2 1
github.com/undersleep7x/cryo-project/internal/prices/service.go:62.17,64.42 2 0
github.com/undersleep7x/cryo-project/internal/prices/service.go:64.42,66.5 1 0
github.com/undersleep7x/cryo-project/internal/prices/service.go:67.9,68.42 1 1
github.com/undersleep7x/cryo-project/internal/prices/service.go:68.42,70.23 2 1
github.com/undersleep7x/cryo-project/internal/prices/service.go:70.23,75.20 5 1
github.com/undersleep7x/cryo-project/internal/prices/service.go:75.20,77.7 1 0
github.com/undersleep7x/cryo-project/internal/prices/service.go:78.11,82.6 2 1
github.com/undersleep7x/cryo-project/internal/prices/service.go:87.2,87.23 1 1
